WGraph with 6 vertices and 15 edges 
Weighted adjacency lists
0: 1[5]  2[8]  3[6]  4[3]  5[5] 
1: 0[5]  2[9]  3[7]  4[9]  5[9] 
2: 0[8]  1[9]  3[2]  4[1]  5[9] 
3: 0[6]  1[7]  2[2]  4[7]  5[9] 
4: 0[3]  1[9]  2[1]  3[7]  5[1] 
5: 0[5]  1[9]  2[9]  3[9]  4[1] 

Weighted edges
0-1[5] 
0-2[8] 
0-3[6] 
0-4[3] 
0-5[5] 
1-2[9] 
1-3[7] 
1-4[9] 
1-5[9] 
2-3[2] 
2-4[1] 
2-5[9] 
3-4[7] 
3-5[9] 
4-5[1] 
Degrees sequence
5 5 5 5 5 5 
Sorted degrees sequence
5 5 5 5 5 5 

TSP(K6):

Hamiltonian cycle 1 with weight [29]: 0-1-2-3-4-5-0
Hamiltonian cycle 2 with weight [29]: 0-1-2-3-5-4-0
Hamiltonian cycle 3 with weight [31]: 0-1-2-4-5-3-0
Hamiltonian cycle 4 with weight [21]: 0-1-3-2-4-5-0
Hamiltonian cycle 5 with weight [24]: 0-3-2-4-5-1-0
Hamiltonian cycle 6 with weight [21]: 0-5-4-2-3-1-0
Hamiltonian cycle 4 with minimum weight [21]: 0-1-3-2-4-5-0
21
